--------------------------------------------------------------------------------
FtMscLib.dll Version  01.05.11  (2012/02/19)
FtLogLevel= 0
14:57:16:951, Initialization of Library 'ftMscLib.dll' ...

INFO:   size FTX1_SHMIFINFO   = 64
INFO:   size FTX1_STATE       = 100
INFO:   size FTX1_CONFIG      = 88
INFO:   size FTX1_INPUT       = 68
INFO:   size FTX1_OUTPUT      = 44
INFO:   size FTX1_DISPLAY     = 108
INFO:   size TRANSFER_STATUS  = 4
INFO:   size CHANGE_STATE     = 8
INFO:   size RP_TIMER         = 12
INFO:   size MOTOR            = 24
INFO:   size INPUT_SIM        = 4
INFO:   size HOOK_TABLE       = 140
INFO:   RESERVE_SIZE          = 360
INFO:   size FISH_X1_TRANSFER = 1024
INFO: size IF08_MAX           = 9
INFO: size IF08_TRANSFER      = 9216

14:57:16:959, Creating event objects...
14:57:16:959, Starting thread [WaitMmRpTmEvent]...
14:57:16:959,   [WaitMmRpTmEvent] started, hRpTmThrWait= 272
14:57:16:960, Starting thread [WaitMmEvent]...
14:57:16:961,   [WaitMmEventThread] started, hThrWait= 228
14:57:16:961, Starting thread [FtRequestThread]...
14:57:16:962,   [FtRequestThread] started, hThrRequest= 372
14:57:16:963, Starting MMTimer... (mmRpTimerId= 16)
14:57:16:963, ftMscLib is initialized ...

14:57:17:008, OpenComDevice(), comStr= COM5
14:57:17:208, ftxOpenComDevice(), ftHandle= 436
14:57:17:209, Starting thread [ReadComThread]...
14:57:17:209, Thread [ReadComThread] started..., hComRead= 492, IdComReadThread= 4340
14:57:17:210, Open Fish.X1 connection...
14:57:17:251, [SetFishX1InfoData] shmId= 0
14:57:17:251,   Hostname          : ROBO TX-442
14:57:17:252,   BtAddress         : 00:13:7B:54:AD:2B
14:57:17:253,   Hardware Release  : C
14:57:17:253,   Firmware Version  : V 1.30
14:57:17:254,   DLL Version       : V 6
14:57:17:254,   SharedMemoryStart : 0x20000204
14:57:17:255,   AppAreaStart      : 0x30700000
14:57:17:256,   AppAreaSize       : 0x000D0000
14:57:17:274, Initialization output and config area...
14:57:17:274, Info Master/Slave alive:  M  0  0  0  0  0  0  0  0
14:57:17:275, InitTransferValues, Initialization of TransferArea (output)...
14:57:17:377, SendRemoteCmd, XM_START: send remote command: 'get_ser_num'
14:57:17:432, SendRemoteCmd, XM_GET_PROMPT: ROBO TX prompt received...
14:57:17:432, serial_number= [0002085096]
14:57:17:433, Starting Fish.X1 transfer...
14:57:17:434, SetFishX1TransferStatus, set status = 2
14:57:17:724, SetFishX1TransferStatus, set status = 1
14:57:17:724, Fish.X1 transfer running...
14:57:38:072, GetTransferAreasArrayAddr, fthdl= 436
